<?xml version="1.0" encoding="UTF-8"?>
<testsuite xmlns:xsi="http://www.w3.org/2001/XMLSchema-instance" xsi:noNamespaceSchemaLocation="https://maven.apache.org/surefire/maven-failsafe-plugin/xsd/failsafe-test-report-3.0.xsd" version="3.0" name="com.mycompany.myapp.service.UserServiceIT" time="1.786" tests="7" errors="0" skipped="0" failures="0">
  <properties>
[...]
</properties>
  <testcase name="assertThatOnlyActivatedUserCanRequestPasswordReset" classname="com.mycompany.myapp.service.UserServiceIT" time="0.034">
    <system-out><![CDATA[
        ██╗ ██╗   ██╗ ████████╗ ███████╗   ██████╗ ████████╗ ████████╗ ███████╗
        ██║ ██║   ██║ ╚══██╔══╝ ██╔═══██╗ ██╔════╝ ╚══██╔══╝ ██╔═════╝ ██╔═══██╗
        ██║ ████████║    ██║    ███████╔╝ ╚█████╗     ██║    ██████╗   ███████╔╝
  ██╗   ██║ ██╔═══██║    ██║    ██╔════╝   ╚═══██╗    ██║    ██╔═══╝   ██╔══██║
  ╚██████╔╝ ██║   ██║ ████████╗ ██║       ██████╔╝    ██║    ████████╗ ██║  ╚██╗
   ╚═════╝  ╚═╝   ╚═╝ ╚═══════╝ ╚═╝       ╚═════╝     ╚═╝    ╚═══════╝ ╚═╝   ╚═╝

:: JHipster 🤓  :: Running Spring Boot 3.2.4 :: Startup profile(s) testdev ::
:: https://www.jhipster.tech ::

2024-04-28T19:52:57.229-04:00  INFO 29488 --- [wayThereJhipster] [           main] c.mycompany.myapp.service.UserServiceIT  : Starting UserServiceIT using Java 21.0.3 with PID 29488 (started by abukar in /Users/abukar/Desktop/WayThereJhipster)
2024-04-28T19:52:57.230-04:00  INFO 29488 --- [wayThereJhipster] [           main] c.mycompany.myapp.service.UserServiceIT  : The following 1 profile is active: "testdev"
Liquibase: Update has been successful. Rows affected: 0
2024-04-28T19:52:58.748-04:00  INFO 29488 --- [wayThereJhipster] [           main] c.mycompany.myapp.service.UserServiceIT  : Started UserServiceIT in 1.562 seconds (process running for 13.488)
]]></system-out>
  </testcase>
  <testcase name="assertThatUserMustExistToResetPassword" classname="com.mycompany.myapp.service.UserServiceIT" time="0.01"/>
  <testcase name="assertThatResetKeyMustBeValid" classname="com.mycompany.myapp.service.UserServiceIT" time="0.009"/>
  <testcase name="assertThatUserCanResetPassword" classname="com.mycompany.myapp.service.UserServiceIT" time="0.111"/>
  <testcase name="assertThatResetKeyMustNotBeOlderThan24Hours" classname="com.mycompany.myapp.service.UserServiceIT" time="0.008"/>
  <testcase name="assertThatNotActivatedUsersWithNullActivationKeyCreatedBefore3DaysAreNotDeleted" classname="com.mycompany.myapp.service.UserServiceIT" time="0.024"/>
  <testcase name="assertThatNotActivatedUsersWithNotNullActivationKeyCreatedBefore3DaysAreDeleted" classname="com.mycompany.myapp.service.UserServiceIT" time="0.015"/>
</testsuite>